2022-01-06 22:41:48 0 [Note] InnoDB: Mutexes and rw_locks use Windows interlocked functions
2022-01-06 22:41:48 0 [Note] InnoDB: Uses event mutexes
2022-01-06 22:41:48 0 [Note] InnoDB: Compressed tables use zlib 1.2.11
2022-01-06 22:41:48 0 [Note] InnoDB: Number of pools: 1
2022-01-06 22:41:48 0 [Note] InnoDB: Using SSE2 crc32 instructions
2022-01-06 22:41:48 0 [Note] InnoDB: Initializing buffer pool, total size = 16M, instances = 1, chunk size = 16M
2022-01-06 22:41:48 0 [Note] InnoDB: Completed initialization of buffer pool
2022-01-06 22:41:49 0 [Note] InnoDB: Starting crash recovery from checkpoint LSN=300288
2022-01-06 22:41:49 0 [Note] InnoDB: 128 out of 128 rollback segments are active.
2022-01-06 22:41:49 0 [Note] InnoDB: Removed temporary tablespace data file: "ibtmp1"
2022-01-06 22:41:49 0 [Note] InnoDB: Creating shared tablespace for temporary tables
2022-01-06 22:41:49 0 [Note] InnoDB: Setting file 'D:\GitHub\Six-Shooter-RP\Xampp\mysql\data\ibtmp1' size to 12 MB. Physically writing the file full; Please wait ...
2022-01-06 22:41:49 0 [Note] InnoDB: File 'D:\GitHub\Six-Shooter-RP\Xampp\mysql\data\ibtmp1' size is now 12 MB.
2022-01-06 22:41:49 0 [Note] InnoDB: 10.4.22 started; log sequence number 300297; transaction id 170
2022-01-06 22:41:49 0 [Note] InnoDB: Loading buffer pool(s) from D:\GitHub\Six-Shooter-RP\Xampp\mysql\data\ib_buffer_pool
2022-01-06 22:41:49 0 [Note] Plugin 'FEEDBACK' is disabled.
2022-01-06 22:41:49 0 [Note] Server socket created on IP: '::'.
2022-01-06 22:41:49 0 [Note] InnoDB: Buffer pool(s) load completed at 220106 22:41:49
2022-01-06 22:41:49 0 [Note] Reading of all Master_info entries succeeded
2022-01-06 22:41:49 0 [Note] Added new Master_info '' to hash table
2022-01-06 22:41:49 0 [Note] D:\github\six-shooter-rp\xampp\mysql\bin\mysqld.exe: ready for connections.
Version: '10.4.22-MariaDB'  socket: ''  port: 3306  mariadb.org binary distribution
2022-01-07  0:15:09 11 [Warning] Aborted connection 11 to db: 'redm' user: 'root' host: 'localhost' (Got an error reading communication packets)
2022-01-08 14:24:29 12 [Warning] Aborted connection 12 to db: 'redm' user: 'root' host: 'localhost' (Got an error reading communication packets)
2022-01-08 14:26:47 13 [Warning] Aborted connection 13 to db: 'redm' user: 'root' host: 'localhost' (Got an error reading communication packets)
2022-01-08 14:27:35 14 [Warning] Aborted connection 14 to db: 'redm' user: 'root' host: 'localhost' (Got an error reading communication packets)
2022-01-08 14:28:32 15 [Warning] Aborted connection 15 to db: 'redm' user: 'root' host: 'localhost' (Got an error reading communication packets)
2022-01-08 14:28:48 16 [Warning] Aborted connection 16 to db: 'redm' user: 'root' host: 'localhost' (Got an error reading communication packets)
2022-01-08 14:31:24 0 [ERROR] InnoDB: The innodb_system data file 'ibdata1' must be writable
2022-01-08 14:31:24 0 [ERROR] InnoDB: The innodb_system data file 'ibdata1' must be writable
2022-01-08 14:31:24 0 [ERROR] Plugin 'InnoDB' init function returned error.
2022-01-08 14:31:24 0 [ERROR] Plugin 'InnoDB' registration as a STORAGE ENGINE failed.
2022-01-08 14:31:24 0 [Note] Plugin 'FEEDBACK' is disabled.
2022-01-08 14:31:24 0 [ERROR] Unknown/unsupported storage engine: InnoDB
2022-01-08 14:31:24 0 [ERROR] Aborting
